<?xml version="1.0" encoding="UTF-8"?>
<!-- Generated by org.testng.reporters.JUnitXMLReporter -->
<testsuite hostname="GDC-NitinTh-LPT" ignored="0" name="Test" tests="2" failures="1" timestamp="08 Feb 2019 10:34:59 GMT" time="70.451" errors="0">
  <testcase name="Verify_Home_Page_Ui" time="33.328" classname="UITestCases.TC1"/>
  <testcase name="OTP_Verification" time="30.048" classname="UITestCases.TC1">
    <failure type="org.openqa.selenium.NoSuchElementException" message="An element could not be located on the page using the given search parameters.
For documentation on this error, please visit: https://www.seleniumhq.org/exceptions/no_such_element.html
Build info: version: &amp;apos;3.141.59&amp;apos;, revision: &amp;apos;e82be7d358&amp;apos;, time: &amp;apos;2018-11-14T08:17:03&amp;apos;
System info: host: &amp;apos;GDC-NITINTH-LPT&amp;apos;, ip: &amp;apos;172.16.50.76&amp;apos;, os.name: &amp;apos;Windows 10&amp;apos;, os.arch: &amp;apos;amd64&amp;apos;, os.version: &amp;apos;10.0&amp;apos;, java.version: &amp;apos;1.8.0_191&amp;apos;
Driver info: io.appium.java_client.android.AndroidDriver
Capabilities {appActivity: com.mvvm.ui.splash.ImRideSp..., appPackage: com.activescaler.imride, autoGrantPermissions: true, databaseEnabled: false, desired: {appActivity: com.mvvm.ui.splash.ImRideSp..., appPackage: com.activescaler.imride, autoGrantPermissions: true, deviceName: OnePlus 6T, platformName: android, platformVersion: 9, resetKeyboard: true, udid: e8d49e7d, unicodeKeyboard: true}, deviceManufacturer: OnePlus, deviceModel: ONEPLUS A6010, deviceName: e8d49e7d, deviceScreenSize: 1080x2340, deviceUDID: e8d49e7d, javascriptEnabled: true, locationContextEnabled: false, networkConnectionEnabled: true, platform: LINUX, platformName: Android, platformVersion: 9, resetKeyboard: true, takesScreenshot: true, udid: e8d49e7d, unicodeKeyboard: true, warnings: {}, webStorageEnabled: false}
Session ID: fe3d6ad3-79d0-46c3-85d4-7aa0a7088e4e
*** Element info: {Using=id, value=com.activescaler.imride:id/frag_phone_veri_code_et}">
      <![CDATA[org.openqa.selenium.NoSuchElementException: An element could not be located on the page using the given search parameters.
For documentation on this error, please visit: https://www.seleniumhq.org/exceptions/no_such_element.html
Build info: version: '3.141.59', revision: 'e82be7d358', time: '2018-11-14T08:17:03'
System info: host: 'GDC-NITINTH-LPT', ip: '172.16.50.76', os.name: 'Windows 10', os.arch: 'amd64', os.version: '10.0', java.version: '1.8.0_191'
Driver info: io.appium.java_client.android.AndroidDriver
Capabilities {appActivity: com.mvvm.ui.splash.ImRideSp..., appPackage: com.activescaler.imride, autoGrantPermissions: true, databaseEnabled: false, desired: {appActivity: com.mvvm.ui.splash.ImRideSp..., appPackage: com.activescaler.imride, autoGrantPermissions: true, deviceName: OnePlus 6T, platformName: android, platformVersion: 9, resetKeyboard: true, udid: e8d49e7d, unicodeKeyboard: true}, deviceManufacturer: OnePlus, deviceModel: ONEPLUS A6010, deviceName: e8d49e7d, deviceScreenSize: 1080x2340, deviceUDID: e8d49e7d, javascriptEnabled: true, locationContextEnabled: false, networkConnectionEnabled: true, platform: LINUX, platformName: Android, platformVersion: 9, resetKeyboard: true, takesScreenshot: true, udid: e8d49e7d, unicodeKeyboard: true, warnings: {}, webStorageEnabled: false}
Session ID: fe3d6ad3-79d0-46c3-85d4-7aa0a7088e4e
*** Element info: {Using=id, value=com.activescaler.imride:id/frag_phone_veri_code_et}
at org.openqa.selenium.remote.http.W3CHttpResponseCodec.createException(W3CHttpResponseCodec.java:187)
at org.openqa.selenium.remote.http.W3CHttpResponseCodec.decode(W3CHttpResponseCodec.java:122)
at org.openqa.selenium.remote.http.W3CHttpResponseCodec.decode(W3CHttpResponseCodec.java:49)
at org.openqa.selenium.remote.HttpCommandExecutor.execute(HttpCommandExecutor.java:158)
at io.appium.java_client.remote.AppiumCommandExecutor.execute(AppiumCommandExecutor.java:239)
at org.openqa.selenium.remote.RemoteWebDriver.execute(RemoteWebDriver.java:552)
at io.appium.java_client.DefaultGenericMobileDriver.execute(DefaultGenericMobileDriver.java:42)
at io.appium.java_client.AppiumDriver.execute(AppiumDriver.java:1)
at io.appium.java_client.android.AndroidDriver.execute(AndroidDriver.java:1)
at org.openqa.selenium.remote.RemoteWebDriver.findElement(RemoteWebDriver.java:323)
at io.appium.java_client.DefaultGenericMobileDriver.findElement(DefaultGenericMobileDriver.java:62)
at io.appium.java_client.AppiumDriver.findElement(AppiumDriver.java:1)
at io.appium.java_client.android.AndroidDriver.findElement(AndroidDriver.java:1)
at org.openqa.selenium.remote.RemoteWebDriver.findElementById(RemoteWebDriver.java:372)
at io.appium.java_client.DefaultGenericMobileDriver.findElementById(DefaultGenericMobileDriver.java:70)
at io.appium.java_client.AppiumDriver.findElementById(AppiumDriver.java:1)
at io.appium.java_client.android.AndroidDriver.findElementById(AndroidDriver.java:1)
at org.openqa.selenium.By$ById.findElement(By.java:188)
at org.openqa.selenium.remote.RemoteWebDriver.findElement(RemoteWebDriver.java:315)
at io.appium.java_client.DefaultGenericMobileDriver.findElement(DefaultGenericMobileDriver.java:58)
at io.appium.java_client.AppiumDriver.findElement(AppiumDriver.java:1)
at io.appium.java_client.android.AndroidDriver.findElement(AndroidDriver.java:1)
at UITestCases.TC1.OTP_Verification(TC1.java:37)
... Removed 29 stack frames]]>
    </failure>
  </testcase> <!-- OTP_Verification -->
</testsuite> <!-- Test -->
